<?xml version="1.0" encoding="UTF-8"?>
<!-- Generated by org.testng.reporters.JUnitXMLReporter -->
<testsuite ignored="0" hostname="DESKTOP-61QF0TL" failures="1" tests="5" name="Extend_Report" time="0.18" errors="0" timestamp="2024-08-29T08:41:14 IST">
  <testcase classname="testscripts.BaseClass" name="@BeforeMethod intializeMethod" time="-1.724901074498E9">
    <failure type="org.testng.TestNGException" message="
Parameter &amp;apos;Browser&amp;apos; is required by BeforeMethod on method intializeMethod but has not been marked @Optional or defined
in C:\Users\rahul\git\rb_repo3_supermart7\Supermarket_Class1_Project\ExtentReport.xml">
      <![CDATA[org.testng.TestNGException: 
Parameter 'Browser' is required by BeforeMethod on method intializeMethod but has not been marked @Optional or defined
in C:\Users\rahul\git\rb_repo3_supermart7\Supermarket_Class1_Project\ExtentReport.xml
at java.base/java.util.ArrayList.forEach(ArrayList.java:1597)
... Removed 28 stack frames]]>
    </failure>
  </testcase> <!-- @BeforeMethod intializeMethod -->
  <testcase classname="testscripts.BaseClass" name="@AfterMethod browserQuit" time="-1.724901074542E9">
    <skipped/>
  </testcase> <!-- @AfterMethod browserQuit -->
  <testcase classname="testscripts.BaseClass" name="@BeforeMethod intializeMethod" time="-1.724901074554E9">
    <skipped/>
  </testcase> <!-- @BeforeMethod intializeMethod -->
  <testcase classname="testscripts.BaseClass" name="@AfterMethod browserQuit" time="-1.72490107457E9">
    <skipped/>
  </testcase> <!-- @AfterMethod browserQuit -->
  <testcase classname="testscripts.BaseClass" name="@BeforeMethod intializeMethod" time="-1.724901074572E9">
    <skipped/>
  </testcase> <!-- @BeforeMethod intializeMethod -->
  <testcase classname="testscripts.BaseClass" name="@AfterMethod browserQuit" time="-1.724901074581E9">
    <skipped/>
  </testcase> <!-- @AfterMethod browserQuit -->
  <testcase classname="testscripts.BaseClass" name="@BeforeMethod intializeMethod" time="-1.724901074601E9">
    <skipped/>
  </testcase> <!-- @BeforeMethod intializeMethod -->
  <testcase classname="testscripts.BaseClass" name="@AfterMethod browserQuit" time="-1.724901074613E9">
    <skipped/>
  </testcase> <!-- @AfterMethod browserQuit -->
  <testcase classname="testscripts.LoginPage_TestCase1" name="enterValues1" time="0.0">
    <skipped/>
  </testcase> <!-- enterValues1 -->
  <testcase classname="testscripts.LoginPage_TestCase1" name="enterValues2" time="0.0">
    <skipped/>
  </testcase> <!-- enterValues2 -->
  <testcase classname="testscripts.LoginPage_TestCase1" name="enterValues2" time="0.0">
    <skipped/>
  </testcase> <!-- enterValues2 -->
  <testcase classname="testscripts.LoginPage_TestCase1" name="enterValues3" time="0.0">
    <failure type="org.testng.TestNGException" message="
Parameter &amp;apos;username&amp;apos; is required by @Test on method enterValues3 but has not been marked @Optional or defined
in C:\Users\rahul\git\rb_repo3_supermart7\Supermarket_Class1_Project\ExtentReport.xml">
      <![CDATA[org.testng.TestNGException: 
Parameter 'username' is required by @Test on method enterValues3 but has not been marked @Optional or defined
in C:\Users\rahul\git\rb_repo3_supermart7\Supermarket_Class1_Project\ExtentReport.xml
at java.base/java.util.ArrayList.forEach(ArrayList.java:1597)
... Removed 26 stack frames]]>
    </failure>
  </testcase> <!-- enterValues3 -->
  <testcase classname="testscripts.LoginPage_TestCase1" name="enterValues4" time="0.0">
    <skipped/>
  </testcase> <!-- enterValues4 -->
</testsuite> <!-- Extend_Report -->
